TN:
SF:D:\My_Github\JEST-Enzyme-with-React\app\add-todo.js
FN:4,(anonymous_0)
FN:11,(anonymous_1)
FN:15,(anonymous_2)
FN:28,(anonymous_3)
FN:31,(anonymous_4)
FN:32,(anonymous_5)
FNF:6
FNH:0
FNDA:0,(anonymous_0)
FNDA:0,(anonymous_1)
FNDA:0,(anonymous_2)
FNDA:0,(anonymous_3)
FNDA:0,(anonymous_4)
FNDA:0,(anonymous_5)
DA:5,0
DA:6,0
DA:12,0
DA:16,0
DA:18,0
DA:20,0
DA:21,0
DA:25,0
DA:29,0
DA:31,0
DA:32,0
LF:11
LH:0
BRDA:20,0,0,0
BRDA:20,0,1,0
BRF:2
BRH:0
end_of_record
TN:
SF:D:\My_Github\JEST-Enzyme-with-React\app\index.js
FN:4,_interopRequireDefault
FNF:1
FNH:0
FNDA:0,_interopRequireDefault
DA:4,0
LF:1
LH:0
BRDA:4,0,0,0
BRDA:4,0,1,0
BRDA:4,1,0,0
BRDA:4,1,1,0
BRF:4
BRH:0
end_of_record
TN:
SF:D:\My_Github\JEST-Enzyme-with-React\app\state-functions.js
FN:3,toggleDone
FN:4,(anonymous_1)
FN:15,addTodo
FN:26,deleteTodo
FN:28,(anonymous_4)
FNF:5
FNH:4
FNDA:1,toggleDone
FNDA:1,(anonymous_1)
FNDA:0,addTodo
FNDA:1,deleteTodo
FNDA:2,(anonymous_4)
DA:4,1
DA:5,1
DA:6,1
DA:9,1
DA:12,1
DA:16,0
DA:21,0
DA:27,1
DA:28,2
LF:9
LH:7
BRDA:5,0,0,1
BRDA:5,0,1,0
BRF:2
BRH:1
end_of_record
TN:
SF:D:\My_Github\JEST-Enzyme-with-React\app\todo.js
FN:4,(anonymous_0)
FN:8,(anonymous_1)
FN:13,(anonymous_2)
FN:20,(anonymous_3)
FN:23,(anonymous_4)
FNF:5
FNH:5
FNDA:1,(anonymous_0)
FNDA:1,(anonymous_1)
FNDA:2,(anonymous_2)
FNDA:1,(anonymous_3)
FNDA:1,(anonymous_4)
DA:5,1
DA:9,1
DA:10,1
DA:14,2
DA:16,2
DA:18,2
DA:20,1
DA:23,1
LF:8
LH:8
BRDA:16,0,0,0
BRDA:16,0,1,2
BRF:2
BRH:1
end_of_record
TN:
SF:D:\My_Github\JEST-Enzyme-with-React\app\todos.js
FN:13,(anonymous_0)
FN:26,(anonymous_1)
FN:30,(anonymous_2)
FN:34,(anonymous_3)
FN:38,(anonymous_4)
FN:39,(anonymous_5)
FN:44,(anonymous_6)
FN:45,(anonymous_7)
FN:51,(anonymous_8)
FN:57,(anonymous_9)
FNF:10
FNH:4
FNDA:1,(anonymous_0)
FNDA:0,(anonymous_1)
FNDA:0,(anonymous_2)
FNDA:0,(anonymous_3)
FNDA:1,(anonymous_4)
FNDA:5,(anonymous_5)
FNDA:0,(anonymous_6)
FNDA:0,(anonymous_7)
FNDA:1,(anonymous_8)
FNDA:0,(anonymous_9)
DA:14,1
DA:15,1
DA:27,0
DA:31,0
DA:35,0
DA:39,1
DA:40,5
DA:44,0
DA:45,0
DA:52,1
DA:57,0
LF:11
LH:5
BRF:0
BRH:0
end_of_record
